{
  "stats": {
    "suites": 1,
    "tests": 1,
    "passes": 1,
    "pending": 0,
    "failures": 0,
    "start": "2026-07-03T10:33:20.266Z",
    "end": "2026-07-03T10:33:37.674Z",
    "duration": 17408,
    "testsRegistered": 1,
    "passPercent": 100,
    "pendingPercent": 0,
    "other": 0,
    "hasOther": false,
    "skipped": 0,
    "hasSkipped": false
  },
  "results": [
    {
      "uuid": "cbe227dc-e5d2-4391-9a98-5ac9e13cf2bd",
      "title": "",
      "fullFile": "cypress/e2e/spec.cy.js",
      "file": "cypress/e2e/spec.cy.js",
      "beforeHooks": [],
      "afterHooks": [],
      "tests": [],
      "suites": [
        {
          "uuid": "4b229b75-1488-4c10-908e-be91d6044274",
          "title": "Login",
          "fullFile": "",
          "file": "",
          "beforeHooks": [],
          "afterHooks": [],
          "tests": [
            {
              "title": "Adding cart item",
              "fullTitle": "Login Adding cart item",
              "timedOut": null,
              "duration": 14723,
              "state": "passed",
              "speed": "slow",
              "pass": true,
              "fail": false,
              "pending": false,
              "context": null,
              "code": "logindetails.loginCred();\ndashboard.dashboardCheck();\ncartItem.AddItems();\ncartItem.removeItems();\ncartItem.continueShopping();\ncartItem.checkout();",
              "err": {},
              "uuid": "6fc7f2b7-a350-428f-bb61-47df2fd5f717",
              "parentUUID": "4b229b75-1488-4c10-908e-be91d6044274",
              "isHook": false,
              "skipped": false
            }
          ],
          "suites": [],
          "passes": [
            "6fc7f2b7-a350-428f-bb61-47df2fd5f717"
          ],
          "failures": [],
          "pending": [],
          "skipped": [],
          "duration": 14723,
          "root": false,
          "rootEmpty": false,
          "_timeout": 2000
        }
      ],
      "passes": [],
      "failures": [],
      "pending": [],
      "skipped": [],
      "duration": 0,
      "root": true,
      "rootEmpty": true,
      "_timeout": 2000
    }
  ],
  "meta": {
    "mocha": {
      "version": "7.2.0"
    },
    "mochawesome": {
      "options": {
        "quiet": false,
        "reportFilename": "mochawesome",
        "saveHtml": true,
        "saveJson": true,
        "consoleReporter": "spec",
        "useInlineDiffs": false,
        "code": true
      },
      "version": "7.1.4"
    },
    "marge": {
      "options": {
        "reportDir": "cypress/reports",
        "overwrite": false,
        "html": true,
        "json": true
      },
      "version": "6.3.2"
    }
  }
}