{
  "stats": {
    "suites": 1,
    "tests": 1,
    "passes": 1,
    "pending": 0,
    "failures": 0,
    "start": "2026-07-03T10:23:14.070Z",
    "end": "2026-07-03T10:23:29.431Z",
    "duration": 15361,
    "testsRegistered": 1,
    "passPercent": 100,
    "pendingPercent": 0,
    "other": 0,
    "hasOther": false,
    "skipped": 0,
    "hasSkipped": false
  },
  "results": [
    {
      "uuid": "2ff2b96c-c131-4fb5-9f6b-54e4b8bbd4df",
      "title": "",
      "fullFile": "cypress/e2e/spec.cy.js",
      "file": "cypress/e2e/spec.cy.js",
      "beforeHooks": [],
      "afterHooks": [],
      "tests": [],
      "suites": [
        {
          "uuid": "3fef9ca7-0e5b-4491-91b8-dd54237f04a7",
          "title": "Login",
          "fullFile": "",
          "file": "",
          "beforeHooks": [],
          "afterHooks": [],
          "tests": [
            {
              "title": "Adding cart item",
              "fullTitle": "Login Adding cart item",
              "timedOut": null,
              "duration": 14521,
              "state": "passed",
              "speed": "slow",
              "pass": true,
              "fail": false,
              "pending": false,
              "context": null,
              "code": "logindetails.loginCred();\ndashboard.dashboardCheck();\ncartItem.AddItems();\ncartItem.removeItems();\ncartItem.continueShopping();\ncartItem.checkout();",
              "err": {},
              "uuid": "d9c951d4-ce65-4acd-9f80-c068640b9d67",
              "parentUUID": "3fef9ca7-0e5b-4491-91b8-dd54237f04a7",
              "isHook": false,
              "skipped": false
            }
          ],
          "suites": [],
          "passes": [
            "d9c951d4-ce65-4acd-9f80-c068640b9d67"
          ],
          "failures": [],
          "pending": [],
          "skipped": [],
          "duration": 14521,
          "root": false,
          "rootEmpty": false,
          "_timeout": 2000
        }
      ],
      "passes": [],
      "failures": [],
      "pending": [],
      "skipped": [],
      "duration": 0,
      "root": true,
      "rootEmpty": true,
      "_timeout": 2000
    }
  ],
  "meta": {
    "mocha": {
      "version": "7.2.0"
    },
    "mochawesome": {
      "options": {
        "quiet": false,
        "reportFilename": "mochawesome",
        "saveHtml": true,
        "saveJson": true,
        "consoleReporter": "spec",
        "useInlineDiffs": false,
        "code": true
      },
      "version": "7.1.4"
    },
    "marge": {
      "options": {
        "reportDir": "cypress/reports",
        "overwrite": false,
        "html": true,
        "json": true
      },
      "version": "6.3.2"
    }
  }
}