{
  "stats": {
    "suites": 1,
    "tests": 1,
    "passes": 0,
    "pending": 0,
    "failures": 1,
    "start": "2026-07-03T10:15:30.165Z",
    "end": "2026-07-03T10:15:30.228Z",
    "duration": 63,
    "testsRegistered": 1,
    "passPercent": 0,
    "pendingPercent": 0,
    "other": 0,
    "hasOther": false,
    "skipped": 0,
    "hasSkipped": false
  },
  "results": [
    {
      "uuid": "ef1ff022-ae70-4ab4-8711-c2cc3a2fe9ed",
      "title": "",
      "fullFile": "cypress/e2e/spec.cy.js",
      "file": "cypress/e2e/spec.cy.js",
      "beforeHooks": [],
      "afterHooks": [],
      "tests": [],
      "suites": [
        {
          "uuid": "47b13941-eaa9-43ce-8616-5027b0c4963a",
          "title": "Login",
          "fullFile": "",
          "file": "",
          "beforeHooks": [],
          "afterHooks": [],
          "tests": [
            {
              "title": "Adding cart item",
              "fullTitle": "Login Adding cart item",
              "timedOut": null,
              "duration": 40,
              "state": "failed",
              "speed": null,
              "pass": false,
              "fail": true,
              "pending": false,
              "context": null,
              "code": "logindetails.loginCred();\ndashboard.dashboardCheck();\ncartItem.AddItems();\ncartItem.removeItems();\ncartItem.continueShopping();\ncartItem.checkout();",
              "err": {
                "message": "ReferenceError: logs is not defined",
                "estack": "ReferenceError: logs is not defined\n    at logindetails.loginCred (webpack://cypressdemo/./cypress/pages/loginDetails.js:12:4)\n    at Context.eval (webpack://cypressdemo/./cypress/e2e/spec.cy.js:24:17)\n    at runnable.fn (http://localhost:50161/__cypress/runner/cypress_runner.js:149117:19)\n    at callFn (http://localhost:50161/__cypress/runner/cypress_runner.js:168461:21)\n    at Runnable.run (http://localhost:50161/__cypress/runner/cypress_runner.js:168448:7)\n    at <unknown> (http://localhost:50161/__cypress/runner/cypress_runner.js:174548:30)\n    at PassThroughHandlerContext.finallyHandler (http://localhost:50161/__cypress/runner/cypress_runner.js:4042:23)\n    at PassThroughHandlerContext.tryCatcher (http://localhost:50161/__cypress/runner/cypress_runner.js:1777:23)\n    at Promise._settlePromiseFromHandler (http://localhost:50161/__cypress/runner/cypress_runner.js:1489:31)",
                "diff": null
              },
              "uuid": "336ed156-242d-4b67-a047-ee0bd72e4e91",
              "parentUUID": "47b13941-eaa9-43ce-8616-5027b0c4963a",
              "isHook": false,
              "skipped": false
            }
          ],
          "suites": [],
          "passes": [],
          "failures": [
            "336ed156-242d-4b67-a047-ee0bd72e4e91"
          ],
          "pending": [],
          "skipped": [],
          "duration": 40,
          "root": false,
          "rootEmpty": false,
          "_timeout": 2000
        }
      ],
      "passes": [],
      "failures": [],
      "pending": [],
      "skipped": [],
      "duration": 0,
      "root": true,
      "rootEmpty": true,
      "_timeout": 2000
    }
  ],
  "meta": {
    "mocha": {
      "version": "7.2.0"
    },
    "mochawesome": {
      "options": {
        "quiet": false,
        "reportFilename": "mochawesome",
        "saveHtml": true,
        "saveJson": true,
        "consoleReporter": "spec",
        "useInlineDiffs": false,
        "code": true
      },
      "version": "7.1.4"
    },
    "marge": {
      "options": {
        "reportDir": "cypress/reports",
        "overwrite": false,
        "html": true,
        "json": true
      },
      "version": "6.3.2"
    }
  }
}