{
  "stats": {
    "suites": 1,
    "tests": 1,
    "passes": 1,
    "pending": 0,
    "failures": 0,
    "start": "2026-07-03T16:30:08.573Z",
    "end": "2026-07-03T16:30:32.916Z",
    "duration": 24343,
    "testsRegistered": 1,
    "passPercent": 100,
    "pendingPercent": 0,
    "other": 0,
    "hasOther": false,
    "skipped": 0,
    "hasSkipped": false
  },
  "results": [
    {
      "uuid": "4403226b-07ef-46b4-ace7-2529b47ff801",
      "title": "",
      "fullFile": "cypress/e2e/spec.cy.js",
      "file": "cypress/e2e/spec.cy.js",
      "beforeHooks": [],
      "afterHooks": [],
      "tests": [],
      "suites": [
        {
          "uuid": "e33a9b3a-d02d-4ffd-b970-884c2d4dc997",
          "title": "Login",
          "fullFile": "",
          "file": "",
          "beforeHooks": [],
          "afterHooks": [],
          "tests": [
            {
              "title": "Adding cart item",
              "fullTitle": "Login Adding cart item",
              "timedOut": null,
              "duration": 19874,
              "state": "passed",
              "speed": "slow",
              "pass": true,
              "fail": false,
              "pending": false,
              "context": null,
              "code": "logindetails.loginCred();\ndashboard.dashboardCheck();\ncartItem.AddItems();\ncartItem.removeItems();\ncartItem.continueShopping();\ncartItem.checkout();",
              "err": {},
              "uuid": "c0e020f8-c293-4a19-a22b-1d8627429e45",
              "parentUUID": "e33a9b3a-d02d-4ffd-b970-884c2d4dc997",
              "isHook": false,
              "skipped": false
            }
          ],
          "suites": [],
          "passes": [
            "c0e020f8-c293-4a19-a22b-1d8627429e45"
          ],
          "failures": [],
          "pending": [],
          "skipped": [],
          "duration": 19874,
          "root": false,
          "rootEmpty": false,
          "_timeout": 2000
        }
      ],
      "passes": [],
      "failures": [],
      "pending": [],
      "skipped": [],
      "duration": 0,
      "root": true,
      "rootEmpty": true,
      "_timeout": 2000
    }
  ],
  "meta": {
    "mocha": {
      "version": "7.2.0"
    },
    "mochawesome": {
      "options": {
        "quiet": false,
        "reportFilename": "mochawesome",
        "saveHtml": true,
        "saveJson": true,
        "consoleReporter": "spec",
        "useInlineDiffs": false,
        "code": true
      },
      "version": "7.1.4"
    },
    "marge": {
      "options": {
        "reportDir": "cypress/reports",
        "overwrite": true,
        "html": true,
        "json": true
      },
      "version": "6.3.2"
    }
  }
}