{
  "stats": {
    "suites": 1,
    "tests": 1,
    "passes": 1,
    "pending": 0,
    "failures": 0,
    "start": "2026-07-03T10:25:52.095Z",
    "end": "2026-07-03T10:26:07.126Z",
    "duration": 15031,
    "testsRegistered": 1,
    "passPercent": 100,
    "pendingPercent": 0,
    "other": 0,
    "hasOther": false,
    "skipped": 0,
    "hasSkipped": false
  },
  "results": [
    {
      "uuid": "391050c9-51ef-485a-962f-b09df23de84c",
      "title": "",
      "fullFile": "cypress/e2e/spec.cy.js",
      "file": "cypress/e2e/spec.cy.js",
      "beforeHooks": [],
      "afterHooks": [],
      "tests": [],
      "suites": [
        {
          "uuid": "6b88d3ca-afaa-4b7a-8ebd-2a0794767f8c",
          "title": "Login",
          "fullFile": "",
          "file": "",
          "beforeHooks": [],
          "afterHooks": [],
          "tests": [
            {
              "title": "Adding cart item",
              "fullTitle": "Login Adding cart item",
              "timedOut": null,
              "duration": 14323,
              "state": "passed",
              "speed": "slow",
              "pass": true,
              "fail": false,
              "pending": false,
              "context": null,
              "code": "logindetails.loginCred();\ndashboard.dashboardCheck();\ncartItem.AddItems();\ncartItem.removeItems();\ncartItem.continueShopping();\ncartItem.checkout();",
              "err": {},
              "uuid": "4838e5f7-1946-4df6-a6f8-f51d566d5644",
              "parentUUID": "6b88d3ca-afaa-4b7a-8ebd-2a0794767f8c",
              "isHook": false,
              "skipped": false
            }
          ],
          "suites": [],
          "passes": [
            "4838e5f7-1946-4df6-a6f8-f51d566d5644"
          ],
          "failures": [],
          "pending": [],
          "skipped": [],
          "duration": 14323,
          "root": false,
          "rootEmpty": false,
          "_timeout": 2000
        }
      ],
      "passes": [],
      "failures": [],
      "pending": [],
      "skipped": [],
      "duration": 0,
      "root": true,
      "rootEmpty": true,
      "_timeout": 2000
    }
  ],
  "meta": {
    "mocha": {
      "version": "7.2.0"
    },
    "mochawesome": {
      "options": {
        "quiet": false,
        "reportFilename": "mochawesome",
        "saveHtml": true,
        "saveJson": true,
        "consoleReporter": "spec",
        "useInlineDiffs": false,
        "code": true
      },
      "version": "7.1.4"
    },
    "marge": {
      "options": {
        "reportDir": "cypress/reports",
        "overwrite": false,
        "html": true,
        "json": true
      },
      "version": "6.3.2"
    }
  }
}